<?xml version="1.0" encoding="UTF-8"?>
<testsuite xmlns:xsi="http://www.w3.org/2001/XMLSchema-instance" xsi:noNamespaceSchemaLocation="https://maven.apache.org/surefire/maven-surefire-plugin/xsd/surefire-test-report.xsd" name="facades.EmployeeFacadeTest" time="4.893" tests="4" errors="0" skipped="0" failures="0">
  <properties>
[...]
</properties>
  <testcase name="testGetEmployeesWithHighestSalary" classname="facades.EmployeeFacadeTest" time="0.813"/>
  <testcase name="testGetEmployeeById" classname="facades.EmployeeFacadeTest" time="0.027"/>
  <testcase name="testGetAllEmployees" classname="facades.EmployeeFacadeTest" time="0.011"/>
  <testcase name="testGetEmployeesByName" classname="facades.EmployeeFacadeTest" time="0.009"/>
</testsuite>